<?xml version="1.0" encoding="UTF-8"?>
<!-- Generated by org.testng.reporters.JUnitReportReporter -->
<testsuite hostname="DESKTOP-CDSS03I" failures="0" tests="1" name="com.rest.com.test.SampleTest" time="3.016" errors="0" timestamp="2020-04-22T17:02:29 IST" skipped="0">
  <testcase classname="com.rest.com.test.SampleTest" name="RegistrationSuccessful" time="3.016"/>
</testsuite> <!-- com.rest.com.test.SampleTest -->
